<?xml version="1.0" encoding="UTF-8"?>
<testsuite xmlns:xsi="http://www.w3.org/2001/XMLSchema-instance" xsi:noNamespaceSchemaLocation="https://maven.apache.org/surefire/maven-surefire-plugin/xsd/surefire-test-report-3.0.xsd" version="3.0" name="br.com.dbserver.voting.controllers.AssociateControllerTest" time="0.05" tests="3" errors="0" skipped="0" failures="0">
  <properties>
[...]
</properties>
  <testcase name="shouldCreateAssociateValidationFailure" classname="br.com.dbserver.voting.controllers.AssociateControllerTest" time="0.011">
    <system-out><![CDATA[2024-01-15T06:12:01.311-03:00  INFO 20340 --- [           main] t.c.s.AnnotationConfigContextLoaderUtils : Could not detect default configuration classes for test class [br.com.dbserver.voting.controllers.AssociateControllerTest]: AssociateControllerTest does not declare any static, non-private, non-final, nested classes annotated with @Configuration.
2024-01-15T06:12:01.314-03:00  INFO 20340 --- [           main] .b.t.c.SpringBootTestContextBootstrapper : Found @SpringBootConfiguration br.com.dbserver.voting.VotingApplication for test class br.com.dbserver.voting.controllers.AssociateControllerTest
]]></system-out>
  </testcase>
  <testcase name="shouldCreateAssociateSuccessfully" classname="br.com.dbserver.voting.controllers.AssociateControllerTest" time="0.004">
    <system-out><![CDATA[2024-01-15T06:12:01.354-03:00  INFO 20340 --- [           main] b.c.d.v.controllers.AssociateController  : Criando um associado, inicio -  15-01-2024 06:12:01
2024-01-15T06:12:01.355-03:00  INFO 20340 --- [           main] b.c.d.v.controllers.AssociateController  : Criando um associado, fim -  15-01-2024 06:12:01
2024-01-15T06:12:01.355-03:00  INFO 20340 --- [           main] b.c.d.v.controllers.AssociateController  : Criando um associado, inicio -  15-01-2024 06:12:01
2024-01-15T06:12:01.355-03:00  INFO 20340 --- [           main] b.c.d.v.controllers.AssociateController  : Criando um associado, fim -  15-01-2024 06:12:01
]]></system-out>
  </testcase>
  <testcase name="shouldListAllAssociatesSuccessfully" classname="br.com.dbserver.voting.controllers.AssociateControllerTest" time="0.002">
    <system-out><![CDATA[2024-01-15T06:12:01.359-03:00  INFO 20340 --- [           main] b.c.d.v.controllers.AssociateController  : Listando associado, inicio -  15-01-2024 06:12:01
2024-01-15T06:12:01.359-03:00  INFO 20340 --- [           main] b.c.d.v.controllers.AssociateController  : Listando associados, fim -  15-01-2024 06:12:01
]]></system-out>
  </testcase>
</testsuite>